This file contains any messages produced by compilers while
running configure, to aid debugging if configure makes a mistake.

It was created by gdbm configure 1.8.3, which was
generated by GNU Autoconf 2.54.  Invocation command line was

  $ ./configure 

## --------- ##
## Platform. ##
## --------- ##

hostname = Stevens-MacBook-Pro.local
uname -m = x86_64
uname -r = 13.4.0
uname -s = Darwin
uname -v = Darwin Kernel Version 13.4.0: Sun Aug 17 19:50:11 PDT 2014; root:xnu-2422.115.4~1/RELEASE_X86_64

/usr/bin/uname -p = i386
/bin/uname -X     = unknown

/bin/arch              = unknown
/usr/bin/arch -k       = unknown
/usr/convex/getsysinfo = unknown
hostinfo               = Mach kernel version:
	 Darwin Kernel Version 13.4.0: Sun Aug 17 19:50:11 PDT 2014; root:xnu-2422.115.4~1/RELEASE_X86_64
Kernel configured for up to 4 processors.
2 processors are physically available.
4 processors are logically available.
Processor type: i486 (Intel 80486)
Processors active: 0 1 2 3
Primary memory available: 8.00 gigabytes
Default processor set: 176 tasks, 810 threads, 4 processors
Load average: 1.56, Mach factor: 2.43
/bin/machine           = unknown
/usr/bin/oslevel       = unknown
/bin/universe          = unknown

PATH: /var/root/.nvm/versions/node/v4.1.1/bin
PATH: /usr/local/sbin
PATH: /usr/local/bin
PATH: /usr/bin
PATH: /bin
PATH: /usr/sbin
PATH: /sbin
PATH: /opt/X11/bin
PATH: /usr/local/MacGPG2/bin
PATH: /Users/terminator/.bin
PATH: /opt/boxen/rbenv/bin
PATH: /opt/boxen/rbenv/plugins/ruby-build/bin
PATH: /Users/terminator/.pyenv/shims
PATH: /Users/terminator/.chefdk/gem/ruby/2.1.0/bin
PATH: /opt/chefdk/bin
PATH: /Users/terminator/Library/Android/sdk/tools
PATH: /Users/terminator/Library/Android/sdk/platform-tools
PATH: /usr/local/rvm/gems/ruby-2.1.6/bin
PATH: /usr/local/rvm/gems/ruby-2.1.6@global/bin
PATH: /usr/local/rvm/rubies/ruby-2.1.6/bin
PATH: /usr/local/rvm/bin
PATH: /usr/local/lib/node_modules


## ----------- ##
## Core tests. ##
## ----------- ##

configure:1460: checking for gcc
configure:1476: found /usr/bin/gcc
configure:1486: result: gcc
configure:1728: checking for C compiler version
configure:1731: gcc --version </dev/null >&5
Configured with: --prefix=/Applications/Xcode.app/Contents/Developer/usr --with-gxx-include-dir=/usr/include/c++/4.2.1
Apple LLVM version 6.0 (clang-600.0.57) (based on LLVM 3.5svn)
Target: x86_64-apple-darwin13.4.0
Thread model: posix
configure:1734: $? = 0
configure:1736: gcc -v </dev/null >&5
Configured with: --prefix=/Applications/Xcode.app/Contents/Developer/usr --with-gxx-include-dir=/usr/include/c++/4.2.1
Apple LLVM version 6.0 (clang-600.0.57) (based on LLVM 3.5svn)
Target: x86_64-apple-darwin13.4.0
Thread model: posix
configure:1739: $? = 0
configure:1741: gcc -V </dev/null >&5
clang: error: argument to '-V' is missing (expected 1 value)
clang: error: no input files
configure:1744: $? = 1
configure:1764: checking for C compiler default output
configure:1767: gcc    conftest.c  >&5
configure:1770: $? = 0
configure:1804: result: a.out
configure:1809: checking whether the C compiler works
configure:1815: ./a.out
configure:1818: $? = 0
configure:1833: result: yes
configure:1840: checking whether we are cross compiling
configure:1842: result: no
configure:1845: checking for suffix of executables
configure:1847: gcc -o conftest    conftest.c  >&5
configure:1850: $? = 0
configure:1873: result: 
configure:1879: checking for suffix of object files
configure:1897: gcc -c   conftest.c >&5
configure:1900: $? = 0
configure:1919: result: o
configure:1923: checking whether we are using the GNU C compiler
configure:1944: gcc -c   conftest.c >&5
configure:1947: $? = 0
configure:1950: test -s conftest.o
configure:1953: $? = 0
configure:1965: result: yes
configure:1971: checking whether gcc accepts -g
configure:1989: gcc -c -g  conftest.c >&5
configure:1992: $? = 0
configure:1995: test -s conftest.o
configure:1998: $? = 0
configure:2008: result: yes
configure:2025: checking for gcc option to accept ANSI C
configure:2082: gcc  -c -g -O2  conftest.c >&5
configure:2085: $? = 0
configure:2088: test -s conftest.o
configure:2091: $? = 0
configure:2108: result: none needed
configure:2126: gcc -c -g -O2  conftest.c >&5
conftest.c:2:3: error: unknown type name 'choke'
  choke me
  ^
conftest.c:2:11: error: expected ';' after top level declarator
  choke me
          ^
          ;
2 errors generated.
configure:2129: $? = 1
configure: failed program was:
#ifndef __cplusplus
  choke me
#endif
configure:2232: checking how to run the C preprocessor
configure:2258: gcc -E  conftest.c
configure:2264: $? = 0
configure:2291: gcc -E  conftest.c
configure:2287:10: fatal error: 'ac_nonexistent.h' file not found
#include <ac_nonexistent.h>
         ^
1 error generated.
configure:2297: $? = 1
configure: failed program was:
#line 2286 "configure"
#include "confdefs.h"
#include <ac_nonexistent.h>
configure:2334: result: gcc -E
configure:2349: gcc -E  conftest.c
configure:2355: $? = 0
configure:2382: gcc -E  conftest.c
configure:2378:10: fatal error: 'ac_nonexistent.h' file not found
#include <ac_nonexistent.h>
         ^
1 error generated.
configure:2388: $? = 1
configure: failed program was:
#line 2377 "configure"
#include "confdefs.h"
#include <ac_nonexistent.h>
configure:2464: checking for a BSD-compatible install
configure:2518: result: /usr/bin/install -c
configure:2601: checking build system type
configure:2619: result: i386-apple-darwin13.4.0
configure:2627: checking host system type
configure:2641: result: i386-apple-darwin13.4.0
configure:2671: checking for ld used by GCC
configure:2734: result: /Applications/Xcode.app/Contents/Developer/Toolchains/XcodeDefault.xctoolchain/usr/bin/ld
configure:2743: checking if the linker (/Applications/Xcode.app/Contents/Developer/Toolchains/XcodeDefault.xctoolchain/usr/bin/ld) is GNU ld
configure:2755: result: no
configure:2760: checking for /Applications/Xcode.app/Contents/Developer/Toolchains/XcodeDefault.xctoolchain/usr/bin/ld option to reload object files
configure:2767: result: -r
configure:2772: checking for BSD-compatible nm
configure:2808: result: /usr/bin/nm
configure:2811: checking whether ln -s works
configure:2815: result: yes
configure:2822: checking how to recognise dependant libraries
configure:3000: result: file_magic Mach-O dynamically linked shared library
configure:3013: checking command to parse /usr/bin/nm output
configure:3094: gcc -c -g -O2  conftest.c >&5
configure:3097: $? = 0
configure:3101: /usr/bin/nm conftest.o \| sed -n -e 's/^.*[ 	]\([BCDEGRST][BCDEGRST]*\)[ 	][ 	]*\(\)\([_A-Za-z][_A-Za-z0-9]*\)$/\1 \2\3 \3/p' \> conftest.nm
configure:3104: $? = 0
cannot find nm_test_var in conftest.nm
configure:3094: gcc -c -g -O2  conftest.c >&5
configure:3097: $? = 0
configure:3101: /usr/bin/nm conftest.o \| sed -n -e 's/^.*[ 	]\([BCDEGRST][BCDEGRST]*\)[ 	][ 	]*\(_\)\([_A-Za-z][_A-Za-z0-9]*\)$/\1 \2\3 \3/p' \> conftest.nm
configure:3104: $? = 0
configure:3156: gcc -o conftest -g -O2   conftest.c conftstm.o >&5
configure:3159: $? = 0
configure:3203: result: ok
configure:3208: checking for egrep
configure:3218: result: grep -E
configure:3223: checking for ANSI C header files
configure:3237: gcc -E  conftest.c
configure:3243: $? = 0
configure:3330: gcc -o conftest -g -O2   conftest.c  >&5
configure:3321:7: warning: implicitly declaring library function 'exit' with type 'void (int) __attribute__((noreturn))'
      exit(2);
      ^
configure:3321:7: note: please include the header <stdlib.h> or explicitly provide a declaration for 'exit'
1 warning generated.
configure:3333: $? = 0
configure:3335: ./conftest
configure:3338: $? = 0
configure:3352: result: yes
configure:3376: checking for sys/types.h
configure:3389: gcc -c -g -O2  conftest.c >&5
configure:3392: $? = 0
configure:3395: test -s conftest.o
configure:3398: $? = 0
configure:3408: result: yes
configure:3376: checking for sys/stat.h
configure:3389: gcc -c -g -O2  conftest.c >&5
configure:3392: $? = 0
configure:3395: test -s conftest.o
configure:3398: $? = 0
configure:3408: result: yes
configure:3376: checking for stdlib.h
configure:3389: gcc -c -g -O2  conftest.c >&5
configure:3392: $? = 0
configure:3395: test -s conftest.o
configure:3398: $? = 0
configure:3408: result: yes
configure:3376: checking for string.h
configure:3389: gcc -c -g -O2  conftest.c >&5
configure:3392: $? = 0
configure:3395: test -s conftest.o
configure:3398: $? = 0
configure:3408: result: yes
configure:3376: checking for memory.h
configure:3389: gcc -c -g -O2  conftest.c >&5
configure:3392: $? = 0
configure:3395: test -s conftest.o
configure:3398: $? = 0
configure:3408: result: yes
configure:3376: checking for strings.h
configure:3389: gcc -c -g -O2  conftest.c >&5
configure:3392: $? = 0
configure:3395: test -s conftest.o
configure:3398: $? = 0
configure:3408: result: yes
configure:3376: checking for inttypes.h
configure:3389: gcc -c -g -O2  conftest.c >&5
configure:3392: $? = 0
configure:3395: test -s conftest.o
configure:3398: $? = 0
configure:3408: result: yes
configure:3376: checking for stdint.h
configure:3389: gcc -c -g -O2  conftest.c >&5
configure:3392: $? = 0
configure:3395: test -s conftest.o
configure:3398: $? = 0
configure:3408: result: yes
configure:3376: checking for unistd.h
configure:3389: gcc -c -g -O2  conftest.c >&5
configure:3392: $? = 0
configure:3395: test -s conftest.o
configure:3398: $? = 0
configure:3408: result: yes
configure:3434: checking dlfcn.h usability
configure:3443: gcc -c -g -O2  conftest.c >&5
configure:3446: $? = 0
configure:3449: test -s conftest.o
configure:3452: $? = 0
configure:3461: result: yes
configure:3465: checking dlfcn.h presence
configure:3472: gcc -E  conftest.c
configure:3478: $? = 0
configure:3496: result: yes
configure:3514: checking for dlfcn.h
configure:3521: result: yes
configure:3718: checking for ranlib
configure:3734: found /usr/bin/ranlib
configure:3745: result: ranlib
configure:3798: checking for strip
configure:3814: found /usr/bin/strip
configure:3825: result: strip
configure:4032: checking for objdir
configure:4043: result: .libs
configure:4064: checking for gcc option to produce PIC
configure:4214: result: -fno-common
configure:4218: checking if gcc PIC flag -fno-common works
configure:4238: gcc -c -g -O2 -fno-common -DPIC  conftest.c >&5
configure:4241: $? = 0
configure:4244: test -s conftest.o
configure:4247: $? = 0
configure:4284: result: yes
configure:4304: checking if gcc static flag -static works
configure:4325: gcc -o conftest -g -O2   -static conftest.c  >&5
ld: library not found for -lcrt0.o
clang: error: linker command failed with exit code 1 (use -v to see invocation)
configure:4328: $? = 1
configure: failed program was:
#line 4312 "configure"
#include "confdefs.h"

int
main ()
{

  ;
  return 0;
}
configure:4349: result: no
configure:4365: checking if gcc supports -c -o file.o
configure:4385: gcc -c -g -O2 -o out/conftest2.o  conftest.c >&5
configure:4409: result: yes
configure:4414: checking if gcc supports -c -o file.lo
configure:4438: gcc -c -g -O2 -c -o conftest.lo  conftest.c >&5
configure:4441: $? = 0
configure:4444: test -s conftest.lo
configure:4447: $? = 0
configure:4468: result: yes
configure:4507: checking if gcc supports -fno-rtti -fno-exceptions
configure:4526: gcc -c -g -O2 -fno-rtti -fno-exceptions -c conftest.c  conftest.c >&5
configure:4529: $? = 0
configure:4532: test -s conftest.o
configure:4535: $? = 0
configure:4551: result: yes
configure:4566: checking whether the linker (/Applications/Xcode.app/Contents/Developer/Toolchains/XcodeDefault.xctoolchain/usr/bin/ld) supports shared libraries
configure:5246: result: yes
configure:5255: checking how to hardcode library paths into programs
configure:5279: result: unsupported
configure:5288: checking whether stripping libraries is possible
configure:5296: result: no
configure:5308: checking dynamic linker characteristics
configure:5701: result: darwin13.4.0 dyld
configure:5710: checking if libtool supports shared libraries
configure:5712: result: yes
configure:5719: checking whether to build shared libraries
configure:5740: result: yes
configure:5747: checking whether to build static libraries
configure:5751: result: yes
configure:6998: checking for an ANSI C-conforming const
configure:7062: gcc -c -g -O2  conftest.c >&5
configure:7065: $? = 0
configure:7068: test -s conftest.o
configure:7071: $? = 0
configure:7081: result: yes
configure:7102: checking for stdlib.h
configure:7107: result: yes
configure:7102: checking for string.h
configure:7107: result: yes
configure:7111: checking sys/file.h usability
configure:7120: gcc -c -g -O2  conftest.c >&5
configure:7123: $? = 0
configure:7126: test -s conftest.o
configure:7129: $? = 0
configure:7138: result: yes
configure:7142: checking sys/file.h presence
configure:7149: gcc -E  conftest.c
configure:7155: $? = 0
configure:7173: result: yes
configure:7191: checking for sys/file.h
configure:7198: result: yes
configure:7102: checking for unistd.h
configure:7107: result: yes
configure:7111: checking fcntl.h usability
configure:7120: gcc -c -g -O2  conftest.c >&5
configure:7123: $? = 0
configure:7126: test -s conftest.o
configure:7129: $? = 0
configure:7138: result: yes
configure:7142: checking fcntl.h presence
configure:7149: gcc -E  conftest.c
configure:7155: $? = 0
configure:7173: result: yes
configure:7191: checking for fcntl.h
configure:7198: result: yes
configure:7102: checking for sys/types.h
configure:7107: result: yes
configure:7111: checking memory.y usability
configure:7120: gcc -c -g -O2  conftest.c >&5
configure:7148:10: fatal error: 'memory.y' file not found
#include <memory.y>
         ^
1 error generated.
configure:7123: $? = 1
configure: failed program was:
#line 7113 "configure"
#include "confdefs.h"
#include <stdio.h>
#if HAVE_SYS_TYPES_H
# include <sys/types.h>
#endif
#if HAVE_SYS_STAT_H
# include <sys/stat.h>
#endif
#if STDC_HEADERS
# include <stdlib.h>
# include <stddef.h>
#else
# if HAVE_STDLIB_H
#  include <stdlib.h>
# endif
#endif
#if HAVE_STRING_H
# if !STDC_HEADERS && HAVE_MEMORY_H
#  include <memory.h>
# endif
# include <string.h>
#endif
#if HAVE_STRINGS_H
# include <strings.h>
#endif
#if HAVE_INTTYPES_H
# include <inttypes.h>
#else
# if HAVE_STDINT_H
#  include <stdint.h>
# endif
#endif
#if HAVE_UNISTD_H
# include <unistd.h>
#endif
#include <memory.y>
configure:7138: result: no
configure:7142: checking memory.y presence
configure:7149: gcc -E  conftest.c
configure:7145:10: fatal error: 'memory.y' file not found
#include <memory.y>
         ^
1 error generated.
configure:7155: $? = 1
configure: failed program was:
#line 7144 "configure"
#include "confdefs.h"
#include <memory.y>
configure:7173: result: no
configure:7191: checking for memory.y
configure:7198: result: no
configure:7212: checking for main in -ldbm
configure:7233: gcc -o conftest -g -O2   conftest.c -ldbm   >&5
configure:7236: $? = 0
configure:7239: test -s conftest
configure:7242: $? = 0
configure:7253: result: yes
configure:7265: checking for main in -lndbm
configure:7286: gcc -o conftest -g -O2   conftest.c -lndbm  -ldbm  >&5
ld: library not found for -lndbm
clang: error: linker command failed with exit code 1 (use -v to see invocation)
configure:7289: $? = 1
configure: failed program was:
#line 7272 "configure"
#include "confdefs.h"


int
main ()
{
main ();
  ;
  return 0;
}
configure:7306: result: no
configure:7325: checking for rename
configure:7362: gcc -o conftest -g -O2   conftest.c -ldbm  >&5
configure:7365: $? = 0
configure:7368: test -s conftest
configure:7371: $? = 0
configure:7381: result: yes
configure:7325: checking for ftruncate
configure:7362: gcc -o conftest -g -O2   conftest.c -ldbm  >&5
configure:7365: $? = 0
configure:7368: test -s conftest
configure:7371: $? = 0
configure:7381: result: yes
configure:7325: checking for flock
configure:7362: gcc -o conftest -g -O2   conftest.c -ldbm  >&5
configure:7365: $? = 0
configure:7368: test -s conftest
configure:7371: $? = 0
configure:7381: result: yes
configure:7325: checking for bcopy
configure:7362: gcc -o conftest -g -O2   conftest.c -ldbm  >&5
configure:7365: $? = 0
configure:7368: test -s conftest
configure:7371: $? = 0
configure:7381: result: yes
configure:7325: checking for fsync
configure:7362: gcc -o conftest -g -O2   conftest.c -ldbm  >&5
configure:7365: $? = 0
configure:7368: test -s conftest
configure:7371: $? = 0
configure:7381: result: yes
configure:7395: checking for getopt
configure:7432: gcc -o conftest -g -O2   conftest.c -ldbm  >&5
configure:7435: $? = 0
configure:7438: test -s conftest
configure:7441: $? = 0
configure:7451: result: yes
configure:7464: checking for off_t
configure:7485: gcc -c -g -O2  conftest.c >&5
configure:7488: $? = 0
configure:7491: test -s conftest.o
configure:7494: $? = 0
configure:7504: result: yes
configure:7516: checking for struct stat.st_blksize
configure:7536: gcc -c -g -O2  conftest.c >&5
configure:7539: $? = 0
configure:7542: test -s conftest.o
configure:7545: $? = 0
configure:7587: result: yes
configure:7695: creating ./config.status

## ---------------------- ##
## Running config.status. ##
## ---------------------- ##

This file was extended by gdbm config.status 1.8.3, which was
generated by GNU Autoconf 2.54.  Invocation command line was

  CONFIG_FILES    = 
  CONFIG_HEADERS  = 
  CONFIG_LINKS    = 
  CONFIG_COMMANDS = 
  $ ./config.status 

on Stevens-MacBook-Pro.local

config.status:607: creating Makefile
config.status:711: creating autoconf.h

## ---------------- ##
## Cache variables. ##
## ---------------- ##

ac_cv_build=i386-apple-darwin13.4.0
ac_cv_build_alias=i386-apple-darwin13.4.0
ac_cv_c_compiler_gnu=yes
ac_cv_c_const=yes
ac_cv_env_CC_set=
ac_cv_env_CC_value=
ac_cv_env_CFLAGS_set=
ac_cv_env_CFLAGS_value=
ac_cv_env_CPPFLAGS_set=
ac_cv_env_CPPFLAGS_value=
ac_cv_env_CPP_set=
ac_cv_env_CPP_value=
ac_cv_env_LDFLAGS_set=
ac_cv_env_LDFLAGS_value=
ac_cv_env_build_alias_set=
ac_cv_env_build_alias_value=
ac_cv_env_host_alias_set=
ac_cv_env_host_alias_value=
ac_cv_env_target_alias_set=
ac_cv_env_target_alias_value=
ac_cv_exeext=
ac_cv_func_bcopy=yes
ac_cv_func_flock=yes
ac_cv_func_fsync=yes
ac_cv_func_ftruncate=yes
ac_cv_func_getopt=yes
ac_cv_func_rename=yes
ac_cv_header_dlfcn_h=yes
ac_cv_header_fcntl_h=yes
ac_cv_header_inttypes_h=yes
ac_cv_header_memory_h=yes
ac_cv_header_memory_y=no
ac_cv_header_stdc=yes
ac_cv_header_stdint_h=yes
ac_cv_header_stdlib_h=yes
ac_cv_header_string_h=yes
ac_cv_header_strings_h=yes
ac_cv_header_sys_file_h=yes
ac_cv_header_sys_stat_h=yes
ac_cv_header_sys_types_h=yes
ac_cv_header_unistd_h=yes
ac_cv_host=i386-apple-darwin13.4.0
ac_cv_host_alias=i386-apple-darwin13.4.0
ac_cv_lib_dbm_main=yes
ac_cv_lib_ndbm_main=no
ac_cv_member_struct_stat_st_blksize=yes
ac_cv_objext=o
ac_cv_path_install='/usr/bin/install -c'
ac_cv_prog_CPP='gcc -E'
ac_cv_prog_ac_ct_CC=gcc
ac_cv_prog_ac_ct_RANLIB=ranlib
ac_cv_prog_ac_ct_STRIP=strip
ac_cv_prog_cc_g=yes
ac_cv_prog_cc_stdc=
ac_cv_prog_egrep='grep -E'
ac_cv_type_off_t=yes
lt_cv_compiler_c_o=yes
lt_cv_compiler_o_lo=yes
lt_cv_deplibs_check_method='file_magic Mach-O dynamically linked shared library'
lt_cv_file_magic_cmd='/usr/bin/file -L'
lt_cv_file_magic_test_file=/usr/lib/libSystem.dylib
lt_cv_global_symbol_to_c_name_address='sed -n -e '\''s/^: \([^ ]*\) $/  {\"\1\", (lt_ptr) 0},/p'\'' -e '\''s/^[BCDEGRST] \([^ ]*\) \([^ ]*\)$/  {"\2", (lt_ptr) \&\2},/p'\'''
lt_cv_global_symbol_to_cdecl='sed -n -e '\''s/^. .* \(.*\)$/extern char \1;/p'\'''
lt_cv_ld_reload_flag=-r
lt_cv_path_LD=/Applications/Xcode.app/Contents/Developer/Toolchains/XcodeDefault.xctoolchain/usr/bin/ld
lt_cv_path_NM=/usr/bin/nm
lt_cv_prog_cc_can_build_shared=yes
lt_cv_prog_cc_no_builtin=
lt_cv_prog_cc_pic=' -fno-common'
lt_cv_prog_cc_pic_works=yes
lt_cv_prog_cc_shlib=
lt_cv_prog_cc_static=
lt_cv_prog_cc_static_works=no
lt_cv_prog_cc_wl=-Wl,
lt_cv_prog_gnu_ld=no
lt_cv_sys_global_symbol_pipe='sed -n -e '\''s/^.*[ 	]\([BCDEGRST][BCDEGRST]*\)[ 	][ 	]*\(_\)\([_A-Za-z][_A-Za-z0-9]*\)$/\1 \2\3 \3/p'\'''

## ----------------- ##
## Output variables. ##
## ----------------- ##

CC='gcc'
CFLAGS='-g -O2'
CPP='gcc -E'
CPPFLAGS=''
DEFS='-DHAVE_CONFIG_H'
ECHO='/bin/echo'
ECHO_C='ECHO_N=''
ECHO_T=''
EGREP='grep -E'
EXEEXT=''
INSTALL_DATA='${INSTALL} -m 644'
INSTALL_PROGRAM='${INSTALL}'
INSTALL_SCRIPT='${INSTALL}'
LDFLAGS=''
LIBOBJS=''
LIBS='-ldbm '
LIBTOOL='$(SHELL) $(top_builddir)/libtool'
LN_S='ln -s'
LTLIBOBJS=''
OBJEXT='o'
PACKAGE_BUGREPORT=''
PACKAGE_NAME='gdbm'
PACKAGE_STRING='gdbm 1.8.3'
PACKAGE_TARNAME='gdbm'
PACKAGE_VERSION='1.8.3'
PATH_SEPARATOR=':'
RANLIB='ranlib'
SHELL='/bin/sh'
STRIP='strip'
ac_ct_CC='gcc'
ac_ct_RANLIB='ranlib'
ac_ct_STRIP='strip'
bindir='${exec_prefix}/bin'
build='i386-apple-darwin13.4.0'
build_alias=''
build_cpu='i386'
build_os='darwin13.4.0'
build_vendor='apple'
datadir='${prefix}/share'
exec_prefix='${prefix}'
host='i386-apple-darwin13.4.0'
host_alias=''
host_cpu='i386'
host_os='darwin13.4.0'
host_vendor='apple'
includedir='${prefix}/include'
infodir='${prefix}/info'
libdir='${exec_prefix}/lib'
libexecdir='${exec_prefix}/libexec'
localstatedir='${prefix}/var'
mandir='${prefix}/man'
oldincludedir='/usr/include'
prefix='/usr/local'
program_transform_name='s,x,x,'
sbindir='${exec_prefix}/sbin'
sharedstatedir='${prefix}/com'
sysconfdir='${prefix}/etc'
target_alias=''

## ----------- ##
## confdefs.h. ##
## ----------- ##

#define HAVE_BCOPY 1
#define HAVE_DLFCN_H 1
#define HAVE_FCNTL_H 1
#define HAVE_FLOCK 1
#define HAVE_FSYNC 1
#define HAVE_FTRUNCATE 1
#define HAVE_GETOPT 1
#define HAVE_INTTYPES_H 1
#define HAVE_LIBDBM 1
#define HAVE_MEMORY_H 1
#define HAVE_RENAME 1
#define HAVE_STDINT_H 1
#define HAVE_STDLIB_H 1
#define HAVE_STDLIB_H 1
#define HAVE_STRINGS_H 1
#define HAVE_STRING_H 1
#define HAVE_STRING_H 1
#define HAVE_STRUCT_STAT_ST_BLKSIZE 1
#define HAVE_SYS_FILE_H 1
#define HAVE_SYS_STAT_H 1
#define HAVE_SYS_TYPES_H 1
#define HAVE_SYS_TYPES_H 1
#define HAVE_UNISTD_H 1
#define HAVE_UNISTD_H 1
#define PACKAGE_BUGREPORT ""
#define PACKAGE_NAME "gdbm"
#define PACKAGE_STRING "gdbm 1.8.3"
#define PACKAGE_TARNAME "gdbm"
#define PACKAGE_VERSION "1.8.3"
#define STDC_HEADERS 1

configure: exit 0
